10/17/2024 8:58:27 PM
GlazeWM.Infrastructure.Exceptions.FatalUserException: Cannot start the app without a configuration file.
   at GlazeWM.Domain.UserConfigs.CommandHandlers.EvaluateUserConfigHandler.InitializeSampleUserConfig(String userConfigPath) in D:\a\glazewm\glazewm\GlazeWM.Domain\UserConfigs\CommandHandlers\EvaluateUserConfigHandler.cs:line 78
   at GlazeWM.Domain.UserConfigs.CommandHandlers.EvaluateUserConfigHandler.Handle(EvaluateUserConfigCommand command) in D:\a\glazewm\glazewm\GlazeWM.Domain\UserConfigs\CommandHandlers\EvaluateUserConfigHandler.cs:line 47
   at GlazeWM.Infrastructure.Bussing.Bus.Invoke[T](T command) in D:\a\glazewm\glazewm\GlazeWM.Infrastructure\Bussing\Bus.cs:line 41
   at GlazeWM.Domain.Common.CommandHandlers.PopulateInitialStateHandler.Handle(PopulateInitialStateCommand command) in D:\a\glazewm\glazewm\GlazeWM.Domain\Common\CommandHandlers\PopulateInitialStateHandler.cs:line 41
   at GlazeWM.Infrastructure.Bussing.Bus.Invoke[T](T command) in D:\a\glazewm\glazewm\GlazeWM.Infrastructure\Bussing\Bus.cs:line 41
   at GlazeWM.App.WindowManager.WmStartup.Run()
Command history: HandleFatalExceptionCommand, EvaluateUserConfigCommand, PopulateInitialStateCommand 
State dump: {"id":"021ae63e-2275-47d4-b82b-d1b5907e13b1","x":0,"y":0,"width":0,"height":0,"type":"root","focus_index":0,"children":[]}

10/17/2024 10:00:33 PM
GlazeWM.Infrastructure.Exceptions.FatalUserException: Failed to parse user config. At least 1 matching regex (eg. 'match_process_name') is required in window rule config.
   at GlazeWM.Domain.UserConfigs.CommandHandlers.EvaluateUserConfigHandler.ValidateDeserializedConfig(UserConfig deserializedConfig) in D:\a\glazewm\glazewm\GlazeWM.Domain\UserConfigs\CommandHandlers\EvaluateUserConfigHandler.cs:line 209
   at GlazeWM.Domain.UserConfigs.CommandHandlers.EvaluateUserConfigHandler.Handle(EvaluateUserConfigCommand command) in D:\a\glazewm\glazewm\GlazeWM.Domain\UserConfigs\CommandHandlers\EvaluateUserConfigHandler.cs:line 58
   at GlazeWM.Infrastructure.Bussing.Bus.Invoke[T](T command) in D:\a\glazewm\glazewm\GlazeWM.Infrastructure\Bussing\Bus.cs:line 48
   at GlazeWM.Domain.UserConfigs.CommandHandlers.ReloadUserConfigHandler.Handle(ReloadUserConfigCommand command) in D:\a\glazewm\glazewm\GlazeWM.Domain\UserConfigs\CommandHandlers\ReloadUserConfigHandler.cs:line 35
   at GlazeWM.Infrastructure.Bussing.Bus.Invoke[T](T command) in D:\a\glazewm\glazewm\GlazeWM.Infrastructure\Bussing\Bus.cs:line 48
   at CallSite.Target(Closure, CallSite, Bus, Object)
   at System.Dynamic.UpdateDelegates.UpdateAndExecuteVoid2[T0,T1](CallSite site, T0 arg0, T1 arg1)
   at GlazeWM.Domain.UserConfigs.CommandHandlers.RunWithSubjectContainerHandler.Handle(RunWithSubjectContainerCommand command) in D:\a\glazewm\glazewm\GlazeWM.Domain\UserConfigs\CommandHandlers\RunWithSubjectContainerHandler.cs:line 28
   at GlazeWM.Infrastructure.Bussing.Bus.Invoke[T](T command) in D:\a\glazewm\glazewm\GlazeWM.Infrastructure\Bussing\Bus.cs:line 48
   at GlazeWM.Domain.UserConfigs.CommandHandlers.RegisterKeybindingsHandler.<>c__DisplayClass4_0.<Handle>b__1() in D:\a\glazewm\glazewm\GlazeWM.Domain\UserConfigs\CommandHandlers\RegisterKeybindingsHandler.cs:line 63
Command history: HandleFatalExceptionCommand, EvaluateUserConfigCommand, ReloadUserConfigCommand, RunWithSubjectContainerCommand, SetActiveWindowBorderCommand, SetFocusedDescendantCommand, SetActiveWindowBorderCommand, SetFocusedDescendantCommand, SetActiveWindowBorderCommand, SetFocusedDescendantCommand, SetActiveWindowBorderCommand, SetFocusedDescendantCommand, SetActiveWindowBorderCommand, SetFocusedDescendantCommand, SetActiveWindowBorderCommand 
State dump: {"id":"ab8412fd-5214-4478-a592-e91c6b37e7bd","x":0,"y":0,"width":0,"height":0,"type":"root","focus_index":0,"children":[{"device_name":"\\\\.\\DISPLAY1","id":"8a091d27-89f1-43bf-8cac-50d21bbc8f90","x":0,"y":0,"width":1920,"height":1080,"type":"monitor","focus_index":0,"children":[{"tiling_direction":"horizontal","size_percentage":1,"name":"1","id":"763a0dcc-cd00-4b04-b8e3-ddec9b723314","x":0,"y":30,"width":1920,"height":1050,"type":"workspace","focus_index":0,"children":[{"floating_placement":{"left":576,"top":315,"right":1344,"bottom":795,"x":576,"y":315,"width":768,"height":480},"border_delta":{"left":0,"top":0,"right":0,"bottom":0},"handle":132166,"previous_state":"tiling","id":"53a194ba-684c-4077-a1fc-aa234cd26ab9","x":0,"y":0,"width":0,"height":0,"type":"window","focus_index":4,"children":[]},{"floating_placement":{"left":312,"top":176,"right":1608,"bottom":935,"x":312,"y":176,"width":1296,"height":759},"border_delta":{"left":7,"top":0,"right":7,"bottom":7},"handle":2361544,"id":"8c7b51b2-17de-470f-b144-cab21b3c986d","x":312,"y":176,"width":1296,"height":759,"type":"window","focus_index":3,"children":[]},{"floating_placement":{"left":312,"top":32,"right":1608,"bottom":1079,"x":312,"y":32,"width":1296,"height":1047},"border_delta":{"left":7,"top":0,"right":7,"bottom":7},"handle":463624,"size_percentage":0.3299883452982101,"id":"9a8f5f55-3cf6-4821-bac8-5df67ba22c87","x":0,"y":30,"width":633,"height":1050,"type":"window","focus_index":0,"children":[]},{"tiling_direction":"vertical","size_percentage":0.34002330940357944,"id":"baf6ffa5-f74c-4148-a321-ad65abc1abd1","x":633,"y":30,"width":652,"height":1050,"type":"split","focus_index":1,"children":[{"floating_placement":{"left":312,"top":32,"right":1608,"bottom":1079,"x":312,"y":32,"width":1296,"height":1047},"border_delta":{"left":7,"top":0,"right":7,"bottom":7},"handle":657402,"size_percentage":1,"id":"ca399888-a7f8-4433-a5d1-12564c301ae6","x":633,"y":30,"width":652,"height":1050,"type":"window","focus_index":0,"children":[]}]},{"floating_placement":{"left":634,"top":32,"right":1286,"bottom":1079,"x":634,"y":32,"width":652,"height":1047},"border_delta":{"left":7,"top":0,"right":7,"bottom":7},"handle":5637042,"size_percentage":0.3299883452982101,"id":"4aa7a4e4-cab9-4571-809f-46ff0801a16c","x":1285,"y":30,"width":633,"height":1050,"type":"window","focus_index":2,"children":[]}]},{"tiling_direction":"horizontal","size_percentage":0,"name":"2","id":"9c88b689-bf27-4ad1-bd1d-21638a29704a","x":0,"y":30,"width":1920,"height":1050,"type":"workspace","focus_index":1,"children":[{"floating_placement":{"left":464,"top":178,"right":1457,"bottom":932,"x":464,"y":178,"width":993,"height":754},"border_delta":{"left":0,"top":0,"right":0,"bottom":0},"handle":525556,"size_percentage":1,"id":"da230e03-faad-4794-baf5-4c4c2915f0a9","x":0,"y":30,"width":1920,"height":1050,"type":"window","focus_index":0,"children":[]}]}]}]}

10/17/2024 10:00:52 PM
GlazeWM.Infrastructure.Exceptions.FatalUserException: Failed to parse user config. At least 1 matching regex (eg. 'match_process_name') is required in window rule config.
   at GlazeWM.Domain.UserConfigs.CommandHandlers.EvaluateUserConfigHandler.ValidateDeserializedConfig(UserConfig deserializedConfig) in D:\a\glazewm\glazewm\GlazeWM.Domain\UserConfigs\CommandHandlers\EvaluateUserConfigHandler.cs:line 209
   at GlazeWM.Domain.UserConfigs.CommandHandlers.EvaluateUserConfigHandler.Handle(EvaluateUserConfigCommand command) in D:\a\glazewm\glazewm\GlazeWM.Domain\UserConfigs\CommandHandlers\EvaluateUserConfigHandler.cs:line 58
   at GlazeWM.Infrastructure.Bussing.Bus.Invoke[T](T command) in D:\a\glazewm\glazewm\GlazeWM.Infrastructure\Bussing\Bus.cs:line 41
   at GlazeWM.Domain.Common.CommandHandlers.PopulateInitialStateHandler.Handle(PopulateInitialStateCommand command) in D:\a\glazewm\glazewm\GlazeWM.Domain\Common\CommandHandlers\PopulateInitialStateHandler.cs:line 41
   at GlazeWM.Infrastructure.Bussing.Bus.Invoke[T](T command) in D:\a\glazewm\glazewm\GlazeWM.Infrastructure\Bussing\Bus.cs:line 41
   at GlazeWM.App.WindowManager.WmStartup.Run()
Command history: HandleFatalExceptionCommand, EvaluateUserConfigCommand, PopulateInitialStateCommand 
State dump: {"id":"84854ed7-d375-412c-a303-7709be76986c","x":0,"y":0,"width":0,"height":0,"type":"root","focus_index":0,"children":[]}

10/17/2024 10:01:07 PM
GlazeWM.Infrastructure.Exceptions.FatalUserException: Failed to parse user config. At least 1 matching regex (eg. 'match_process_name') is required in window rule config.
   at GlazeWM.Domain.UserConfigs.CommandHandlers.EvaluateUserConfigHandler.ValidateDeserializedConfig(UserConfig deserializedConfig) in D:\a\glazewm\glazewm\GlazeWM.Domain\UserConfigs\CommandHandlers\EvaluateUserConfigHandler.cs:line 209
   at GlazeWM.Domain.UserConfigs.CommandHandlers.EvaluateUserConfigHandler.Handle(EvaluateUserConfigCommand command) in D:\a\glazewm\glazewm\GlazeWM.Domain\UserConfigs\CommandHandlers\EvaluateUserConfigHandler.cs:line 58
   at GlazeWM.Infrastructure.Bussing.Bus.Invoke[T](T command) in D:\a\glazewm\glazewm\GlazeWM.Infrastructure\Bussing\Bus.cs:line 41
   at GlazeWM.Domain.Common.CommandHandlers.PopulateInitialStateHandler.Handle(PopulateInitialStateCommand command) in D:\a\glazewm\glazewm\GlazeWM.Domain\Common\CommandHandlers\PopulateInitialStateHandler.cs:line 41
   at GlazeWM.Infrastructure.Bussing.Bus.Invoke[T](T command) in D:\a\glazewm\glazewm\GlazeWM.Infrastructure\Bussing\Bus.cs:line 41
   at GlazeWM.App.WindowManager.WmStartup.Run()
Command history: HandleFatalExceptionCommand, EvaluateUserConfigCommand, PopulateInitialStateCommand 
State dump: {"id":"8d907e9b-02c9-4442-81ed-40024a96678a","x":0,"y":0,"width":0,"height":0,"type":"root","focus_index":0,"children":[]}

10/17/2024 10:01:51 PM
GlazeWM.Infrastructure.Exceptions.FatalUserException: Failed to parse user config. At least 1 matching regex (eg. 'match_process_name') is required in window rule config.
   at GlazeWM.Domain.UserConfigs.CommandHandlers.EvaluateUserConfigHandler.ValidateDeserializedConfig(UserConfig deserializedConfig) in D:\a\glazewm\glazewm\GlazeWM.Domain\UserConfigs\CommandHandlers\EvaluateUserConfigHandler.cs:line 209
   at GlazeWM.Domain.UserConfigs.CommandHandlers.EvaluateUserConfigHandler.Handle(EvaluateUserConfigCommand command) in D:\a\glazewm\glazewm\GlazeWM.Domain\UserConfigs\CommandHandlers\EvaluateUserConfigHandler.cs:line 58
   at GlazeWM.Infrastructure.Bussing.Bus.Invoke[T](T command) in D:\a\glazewm\glazewm\GlazeWM.Infrastructure\Bussing\Bus.cs:line 41
   at GlazeWM.Domain.Common.CommandHandlers.PopulateInitialStateHandler.Handle(PopulateInitialStateCommand command) in D:\a\glazewm\glazewm\GlazeWM.Domain\Common\CommandHandlers\PopulateInitialStateHandler.cs:line 41
   at GlazeWM.Infrastructure.Bussing.Bus.Invoke[T](T command) in D:\a\glazewm\glazewm\GlazeWM.Infrastructure\Bussing\Bus.cs:line 41
   at GlazeWM.App.WindowManager.WmStartup.Run()
Command history: HandleFatalExceptionCommand, EvaluateUserConfigCommand, PopulateInitialStateCommand 
State dump: {"id":"26c44cdf-9324-4aed-be14-988bca2bdea5","x":0,"y":0,"width":0,"height":0,"type":"root","focus_index":0,"children":[]}

10/17/2024 11:26:37 PM
GlazeWM.Infrastructure.Exceptions.FatalUserException: Failed to parse user config. At least 1 matching regex (eg. 'match_process_name') is required in window rule config.
   at GlazeWM.Domain.UserConfigs.CommandHandlers.EvaluateUserConfigHandler.ValidateDeserializedConfig(UserConfig deserializedConfig) in D:\a\glazewm\glazewm\GlazeWM.Domain\UserConfigs\CommandHandlers\EvaluateUserConfigHandler.cs:line 209
   at GlazeWM.Domain.UserConfigs.CommandHandlers.EvaluateUserConfigHandler.Handle(EvaluateUserConfigCommand command) in D:\a\glazewm\glazewm\GlazeWM.Domain\UserConfigs\CommandHandlers\EvaluateUserConfigHandler.cs:line 58
   at GlazeWM.Infrastructure.Bussing.Bus.Invoke[T](T command) in D:\a\glazewm\glazewm\GlazeWM.Infrastructure\Bussing\Bus.cs:line 48
   at GlazeWM.Domain.UserConfigs.CommandHandlers.ReloadUserConfigHandler.Handle(ReloadUserConfigCommand command) in D:\a\glazewm\glazewm\GlazeWM.Domain\UserConfigs\CommandHandlers\ReloadUserConfigHandler.cs:line 35
   at GlazeWM.Infrastructure.Bussing.Bus.Invoke[T](T command) in D:\a\glazewm\glazewm\GlazeWM.Infrastructure\Bussing\Bus.cs:line 48
   at CallSite.Target(Closure, CallSite, Bus, Object)
   at System.Dynamic.UpdateDelegates.UpdateAndExecuteVoid2[T0,T1](CallSite site, T0 arg0, T1 arg1)
   at GlazeWM.Domain.UserConfigs.CommandHandlers.RunWithSubjectContainerHandler.Handle(RunWithSubjectContainerCommand command) in D:\a\glazewm\glazewm\GlazeWM.Domain\UserConfigs\CommandHandlers\RunWithSubjectContainerHandler.cs:line 28
   at GlazeWM.Infrastructure.Bussing.Bus.Invoke[T](T command) in D:\a\glazewm\glazewm\GlazeWM.Infrastructure\Bussing\Bus.cs:line 48
   at GlazeWM.Domain.UserConfigs.CommandHandlers.RegisterKeybindingsHandler.<>c__DisplayClass4_0.<Handle>b__1() in D:\a\glazewm\glazewm\GlazeWM.Domain\UserConfigs\CommandHandlers\RegisterKeybindingsHandler.cs:line 63
Command history: HandleFatalExceptionCommand, EvaluateUserConfigCommand, ReloadUserConfigCommand, RunWithSubjectContainerCommand, SetActiveWindowBorderCommand, SetFocusedDescendantCommand, SetActiveWindowBorderCommand, SyncNativeFocusCommand, RedrawContainersCommand, SetFocusedDescendantCommand, FocusWorkspaceCommand, RunWithSubjectContainerCommand, SetActiveWindowBorderCommand, SyncNativeFocusCommand, RedrawContainersCommand 
State dump: {"id":"de546bb5-550b-4788-b474-6585ee57e2fd","x":0,"y":0,"width":0,"height":0,"type":"root","focus_index":0,"children":[{"device_name":"\\\\.\\DISPLAY1","id":"33141c29-6c46-4100-9d2e-d933732a588a","x":0,"y":0,"width":1920,"height":1080,"type":"monitor","focus_index":0,"children":[{"tiling_direction":"horizontal","size_percentage":1,"name":"1","id":"6cfd70cf-8eaf-4ac4-8772-6422978f0cb0","x":0,"y":30,"width":1920,"height":1050,"type":"workspace","focus_index":0,"children":[{"floating_placement":{"left":576,"top":315,"right":1344,"bottom":795,"x":576,"y":315,"width":768,"height":480},"border_delta":{"left":0,"top":0,"right":0,"bottom":0},"handle":132166,"previous_state":"tiling","id":"1fd51006-62d1-4d15-9fb2-6971e36932f7","x":0,"y":0,"width":0,"height":0,"type":"window","focus_index":3,"children":[]},{"floating_placement":{"left":629,"top":27,"right":1291,"bottom":1084,"x":629,"y":27,"width":662,"height":1057},"border_delta":{"left":7,"top":0,"right":7,"bottom":7},"handle":5637042,"size_percentage":0.33333333333333337,"id":"7d1117d9-680c-4daf-b125-3a5287762f1d","x":0,"y":30,"width":640,"height":1050,"type":"window","focus_index":1,"children":[]},{"floating_placement":{"left":713,"top":416,"right":1207,"bottom":694,"x":713,"y":416,"width":494,"height":278},"border_delta":{"left":7,"top":0,"right":7,"bottom":7},"handle":1512462,"size_percentage":0.3333333333333333,"id":"d8cd97b7-8e8c-4052-b588-5bdf2eed1bd8","x":640,"y":30,"width":640,"height":1050,"type":"window","focus_index":2,"children":[]},{"floating_placement":{"left":839,"top":27,"right":1082,"bottom":1084,"x":839,"y":27,"width":243,"height":1057},"border_delta":{"left":7,"top":0,"right":7,"bottom":7},"handle":463624,"size_percentage":0.3333333333333334,"id":"f7cedbc0-824e-478f-a7ae-6b091e7e6b07","x":1280,"y":30,"width":640,"height":1050,"type":"window","focus_index":0,"children":[]}]},{"tiling_direction":"horizontal","size_percentage":0,"name":"2","id":"71f023ae-df5c-4e9c-9282-cbfa6bc29fdd","x":0,"y":30,"width":1920,"height":1050,"type":"workspace","focus_index":2,"children":[{"floating_placement":{"left":0,"top":30,"right":1920,"bottom":1080,"x":0,"y":30,"width":1920,"height":1050},"border_delta":{"left":0,"top":0,"right":0,"bottom":0},"handle":525556,"size_percentage":1,"id":"81befe46-b8b9-45e2-a548-73cb82906d38","x":0,"y":30,"width":1920,"height":1050,"type":"window","focus_index":0,"children":[]}]},{"tiling_direction":"horizontal","size_percentage":0,"name":"3","id":"765712ef-70d4-43da-9185-7e6f6d6b04a1","x":0,"y":30,"width":1920,"height":1050,"type":"workspace","focus_index":1,"children":[{"floating_placement":{"left":960,"top":555,"right":960,"bottom":555,"x":960,"y":555,"width":0,"height":0},"border_delta":{"left":0,"top":0,"right":0,"bottom":0},"handle":197712,"size_percentage":1,"id":"11e85c09-8d99-4695-aa1d-f909a7c75b92","x":0,"y":30,"width":1920,"height":1050,"type":"window","focus_index":0,"children":[]}]},{"tiling_direction":"horizontal","size_percentage":0,"name":"4","id":"8b74e008-f268-447f-9988-04c56d9113fe","x":0,"y":30,"width":1920,"height":1050,"type":"workspace","focus_index":3,"children":[{"floating_placement":{"left":547,"top":27,"right":1373,"bottom":1084,"x":547,"y":27,"width":826,"height":1057},"border_delta":{"left":7,"top":0,"right":7,"bottom":7},"handle":657402,"size_percentage":1,"id":"f782c170-a26a-44f5-81ef-1d33cfb07928","x":0,"y":30,"width":1920,"height":1050,"type":"window","focus_index":0,"children":[]}]}]}]}

10/17/2024 11:37:35 PM
GlazeWM.Infrastructure.Exceptions.FatalUserException: Failed to parse user config. At least 1 matching regex (eg. 'match_process_name') is required in window rule config.
   at GlazeWM.Domain.UserConfigs.CommandHandlers.EvaluateUserConfigHandler.ValidateDeserializedConfig(UserConfig deserializedConfig) in D:\a\glazewm\glazewm\GlazeWM.Domain\UserConfigs\CommandHandlers\EvaluateUserConfigHandler.cs:line 209
   at GlazeWM.Domain.UserConfigs.CommandHandlers.EvaluateUserConfigHandler.Handle(EvaluateUserConfigCommand command) in D:\a\glazewm\glazewm\GlazeWM.Domain\UserConfigs\CommandHandlers\EvaluateUserConfigHandler.cs:line 58
   at GlazeWM.Infrastructure.Bussing.Bus.Invoke[T](T command) in D:\a\glazewm\glazewm\GlazeWM.Infrastructure\Bussing\Bus.cs:line 48
   at GlazeWM.Domain.UserConfigs.CommandHandlers.ReloadUserConfigHandler.Handle(ReloadUserConfigCommand command) in D:\a\glazewm\glazewm\GlazeWM.Domain\UserConfigs\CommandHandlers\ReloadUserConfigHandler.cs:line 35
   at GlazeWM.Infrastructure.Bussing.Bus.Invoke[T](T command) in D:\a\glazewm\glazewm\GlazeWM.Infrastructure\Bussing\Bus.cs:line 48
   at CallSite.Target(Closure, CallSite, Bus, Object)
   at System.Dynamic.UpdateDelegates.UpdateAndExecuteVoid2[T0,T1](CallSite site, T0 arg0, T1 arg1)
   at GlazeWM.Domain.UserConfigs.CommandHandlers.RunWithSubjectContainerHandler.Handle(RunWithSubjectContainerCommand command) in D:\a\glazewm\glazewm\GlazeWM.Domain\UserConfigs\CommandHandlers\RunWithSubjectContainerHandler.cs:line 28
   at GlazeWM.Infrastructure.Bussing.Bus.Invoke[T](T command) in D:\a\glazewm\glazewm\GlazeWM.Infrastructure\Bussing\Bus.cs:line 48
   at GlazeWM.Domain.UserConfigs.CommandHandlers.RegisterKeybindingsHandler.<>c__DisplayClass4_0.<Handle>b__1() in D:\a\glazewm\glazewm\GlazeWM.Domain\UserConfigs\CommandHandlers\RegisterKeybindingsHandler.cs:line 55
Command history: HandleFatalExceptionCommand, EvaluateUserConfigCommand, ReloadUserConfigCommand, RunWithSubjectContainerCommand, SetActiveWindowBorderCommand, SetFocusedDescendantCommand, SetActiveWindowBorderCommand, SetFocusedDescendantCommand, SetActiveWindowBorderCommand, SyncNativeFocusCommand, RedrawContainersCommand, SetFocusedDescendantCommand, FocusWorkspaceCommand, RunWithSubjectContainerCommand, SetActiveWindowBorderCommand 
State dump: {"id":"bb7215ce-ff4f-4d48-a2c4-929b58d53a7e","x":0,"y":0,"width":0,"height":0,"type":"root","focus_index":0,"children":[{"device_name":"\\\\.\\DISPLAY1","id":"82102fda-b0ec-43c8-aeae-9a2b55c5cdc8","x":0,"y":0,"width":1920,"height":1080,"type":"monitor","focus_index":0,"children":[{"tiling_direction":"horizontal","size_percentage":1,"name":"1","id":"eaa1e015-314e-4f68-9439-e331d52d250b","x":0,"y":30,"width":1920,"height":1050,"type":"workspace","focus_index":0,"children":[{"floating_placement":{"left":576,"top":315,"right":1344,"bottom":795,"x":576,"y":315,"width":768,"height":480},"border_delta":{"left":0,"top":0,"right":0,"bottom":0},"handle":132166,"previous_state":"tiling","id":"9846324f-bf79-4a2b-a73f-532498350fe8","x":0,"y":0,"width":0,"height":0,"type":"window","focus_index":3,"children":[]},{"floating_placement":{"left":-7,"top":27,"right":1927,"bottom":1084,"x":-7,"y":27,"width":1934,"height":1057},"border_delta":{"left":7,"top":0,"right":7,"bottom":7},"handle":657402,"size_percentage":0.33333333333333337,"id":"25e237df-d69e-4989-88fc-63edaaee3a45","x":0,"y":30,"width":640,"height":1050,"type":"window","focus_index":1,"children":[]},{"floating_placement":{"left":633,"top":27,"right":1287,"bottom":1084,"x":633,"y":27,"width":654,"height":1057},"border_delta":{"left":7,"top":0,"right":7,"bottom":7},"handle":5637042,"size_percentage":0.33333333333333337,"id":"04a80d76-86cb-4342-b165-7827a6c49c87","x":640,"y":30,"width":640,"height":1050,"type":"window","focus_index":2,"children":[]},{"floating_placement":{"left":633,"top":27,"right":1287,"bottom":1084,"x":633,"y":27,"width":654,"height":1057},"border_delta":{"left":7,"top":0,"right":7,"bottom":7},"handle":463624,"size_percentage":0.3333333333333334,"id":"853aeffb-75f5-43df-9880-9d315ae01464","x":1280,"y":30,"width":640,"height":1050,"type":"window","focus_index":0,"children":[]}]},{"tiling_direction":"horizontal","size_percentage":0,"name":"2","id":"e8b7d3d2-e600-41a2-88b9-74d632bde0ea","x":0,"y":30,"width":1920,"height":1050,"type":"workspace","focus_index":2,"children":[{"floating_placement":{"left":0,"top":30,"right":1920,"bottom":1080,"x":0,"y":30,"width":1920,"height":1050},"border_delta":{"left":0,"top":0,"right":0,"bottom":0},"handle":525556,"size_percentage":1,"id":"ed016505-9560-41e8-b0da-f07a8cf8227f","x":0,"y":30,"width":1920,"height":1050,"type":"window","focus_index":0,"children":[]}]},{"tiling_direction":"horizontal","size_percentage":0,"name":"3","id":"7cf23027-7379-4d41-93eb-46924178370e","x":0,"y":30,"width":1920,"height":1050,"type":"workspace","focus_index":1,"children":[{"floating_placement":{"left":0,"top":30,"right":1920,"bottom":1080,"x":0,"y":30,"width":1920,"height":1050},"border_delta":{"left":0,"top":0,"right":0,"bottom":0},"handle":197712,"size_percentage":1,"id":"e56291b3-21de-4c69-a55d-903fa0585b39","x":0,"y":30,"width":1920,"height":1050,"type":"window","focus_index":0,"children":[]}]}]}]}

10/17/2024 11:37:44 PM
GlazeWM.Infrastructure.Exceptions.FatalUserException: Failed to parse user config. At least 1 matching regex (eg. 'match_process_name') is required in window rule config.
   at GlazeWM.Domain.UserConfigs.CommandHandlers.EvaluateUserConfigHandler.ValidateDeserializedConfig(UserConfig deserializedConfig) in D:\a\glazewm\glazewm\GlazeWM.Domain\UserConfigs\CommandHandlers\EvaluateUserConfigHandler.cs:line 209
   at GlazeWM.Domain.UserConfigs.CommandHandlers.EvaluateUserConfigHandler.Handle(EvaluateUserConfigCommand command) in D:\a\glazewm\glazewm\GlazeWM.Domain\UserConfigs\CommandHandlers\EvaluateUserConfigHandler.cs:line 58
   at GlazeWM.Infrastructure.Bussing.Bus.Invoke[T](T command) in D:\a\glazewm\glazewm\GlazeWM.Infrastructure\Bussing\Bus.cs:line 41
   at GlazeWM.Domain.Common.CommandHandlers.PopulateInitialStateHandler.Handle(PopulateInitialStateCommand command) in D:\a\glazewm\glazewm\GlazeWM.Domain\Common\CommandHandlers\PopulateInitialStateHandler.cs:line 41
   at GlazeWM.Infrastructure.Bussing.Bus.Invoke[T](T command) in D:\a\glazewm\glazewm\GlazeWM.Infrastructure\Bussing\Bus.cs:line 41
   at GlazeWM.App.WindowManager.WmStartup.Run()
Command history: HandleFatalExceptionCommand, EvaluateUserConfigCommand, PopulateInitialStateCommand 
State dump: {"id":"87c016d0-52a7-4c33-92d2-613e8238ff09","x":0,"y":0,"width":0,"height":0,"type":"root","focus_index":0,"children":[]}

10/17/2024 11:37:53 PM
GlazeWM.Infrastructure.Exceptions.FatalUserException: Failed to parse user config. At least 1 matching regex (eg. 'match_process_name') is required in window rule config.
   at GlazeWM.Domain.UserConfigs.CommandHandlers.EvaluateUserConfigHandler.ValidateDeserializedConfig(UserConfig deserializedConfig) in D:\a\glazewm\glazewm\GlazeWM.Domain\UserConfigs\CommandHandlers\EvaluateUserConfigHandler.cs:line 209
   at GlazeWM.Domain.UserConfigs.CommandHandlers.EvaluateUserConfigHandler.Handle(EvaluateUserConfigCommand command) in D:\a\glazewm\glazewm\GlazeWM.Domain\UserConfigs\CommandHandlers\EvaluateUserConfigHandler.cs:line 58
   at GlazeWM.Infrastructure.Bussing.Bus.Invoke[T](T command) in D:\a\glazewm\glazewm\GlazeWM.Infrastructure\Bussing\Bus.cs:line 41
   at GlazeWM.Domain.Common.CommandHandlers.PopulateInitialStateHandler.Handle(PopulateInitialStateCommand command) in D:\a\glazewm\glazewm\GlazeWM.Domain\Common\CommandHandlers\PopulateInitialStateHandler.cs:line 41
   at GlazeWM.Infrastructure.Bussing.Bus.Invoke[T](T command) in D:\a\glazewm\glazewm\GlazeWM.Infrastructure\Bussing\Bus.cs:line 41
   at GlazeWM.App.WindowManager.WmStartup.Run()
Command history: HandleFatalExceptionCommand, EvaluateUserConfigCommand, PopulateInitialStateCommand 
State dump: {"id":"dad8e936-3568-4422-9552-1f8ea2601d1a","x":0,"y":0,"width":0,"height":0,"type":"root","focus_index":0,"children":[]}

10/17/2024 11:48:21 PM
GlazeWM.Infrastructure.Exceptions.FatalUserException: Failed to parse user config. At least 1 matching regex (eg. 'match_process_name') is required in window rule config.
   at GlazeWM.Domain.UserConfigs.CommandHandlers.EvaluateUserConfigHandler.ValidateDeserializedConfig(UserConfig deserializedConfig) in D:\a\glazewm\glazewm\GlazeWM.Domain\UserConfigs\CommandHandlers\EvaluateUserConfigHandler.cs:line 209
   at GlazeWM.Domain.UserConfigs.CommandHandlers.EvaluateUserConfigHandler.Handle(EvaluateUserConfigCommand command) in D:\a\glazewm\glazewm\GlazeWM.Domain\UserConfigs\CommandHandlers\EvaluateUserConfigHandler.cs:line 58
   at GlazeWM.Infrastructure.Bussing.Bus.Invoke[T](T command) in D:\a\glazewm\glazewm\GlazeWM.Infrastructure\Bussing\Bus.cs:line 48
   at GlazeWM.Domain.UserConfigs.CommandHandlers.ReloadUserConfigHandler.Handle(ReloadUserConfigCommand command) in D:\a\glazewm\glazewm\GlazeWM.Domain\UserConfigs\CommandHandlers\ReloadUserConfigHandler.cs:line 35
   at GlazeWM.Infrastructure.Bussing.Bus.Invoke[T](T command) in D:\a\glazewm\glazewm\GlazeWM.Infrastructure\Bussing\Bus.cs:line 48
   at CallSite.Target(Closure, CallSite, Bus, Object)
   at System.Dynamic.UpdateDelegates.UpdateAndExecuteVoid2[T0,T1](CallSite site, T0 arg0, T1 arg1)
   at GlazeWM.Domain.UserConfigs.CommandHandlers.RunWithSubjectContainerHandler.Handle(RunWithSubjectContainerCommand command) in D:\a\glazewm\glazewm\GlazeWM.Domain\UserConfigs\CommandHandlers\RunWithSubjectContainerHandler.cs:line 28
   at GlazeWM.Infrastructure.Bussing.Bus.Invoke[T](T command) in D:\a\glazewm\glazewm\GlazeWM.Infrastructure\Bussing\Bus.cs:line 48
   at GlazeWM.Domain.UserConfigs.CommandHandlers.RegisterKeybindingsHandler.<>c__DisplayClass4_0.<Handle>b__1() in D:\a\glazewm\glazewm\GlazeWM.Domain\UserConfigs\CommandHandlers\RegisterKeybindingsHandler.cs:line 63
Command history: HandleFatalExceptionCommand, EvaluateUserConfigCommand, ReloadUserConfigCommand, RunWithSubjectContainerCommand, SetActiveWindowBorderCommand, SyncNativeFocusCommand, RedrawContainersCommand, SetFocusedDescendantCommand, FocusWorkspaceCommand, SetFocusedDescendantCommand, SetFocusedDescendantCommand, SetFocusedDescendantCommand, AttachContainerCommand, DetachContainerCommand, MoveContainerWithinTreeCommand 
State dump: {"id":"fb695877-261f-4e31-b631-6b7778bcbb23","x":0,"y":0,"width":0,"height":0,"type":"root","focus_index":0,"children":[{"device_name":"\\\\.\\DISPLAY1","id":"4c373ab0-951e-4e41-acc1-c22e29c020ce","x":0,"y":0,"width":1920,"height":1080,"type":"monitor","focus_index":0,"children":[{"tiling_direction":"horizontal","size_percentage":1,"name":"1","id":"d5a39549-d520-4f59-a089-642cc3b06b59","x":0,"y":30,"width":1920,"height":1050,"type":"workspace","focus_index":2,"children":[{"floating_placement":{"left":576,"top":315,"right":1344,"bottom":795,"x":576,"y":315,"width":768,"height":480},"border_delta":{"left":0,"top":0,"right":0,"bottom":0},"handle":132166,"previous_state":"tiling","id":"d24a0329-111e-4f4f-b819-e8ed9ac87fc9","x":0,"y":0,"width":0,"height":0,"type":"window","focus_index":2,"children":[]},{"floating_placement":{"left":633,"top":27,"right":1287,"bottom":1084,"x":633,"y":27,"width":654,"height":1057},"border_delta":{"left":7,"top":0,"right":7,"bottom":7},"handle":5637042,"size_percentage":0.5000000000000001,"id":"54a7029d-84a3-40da-a18c-dc68fac55752","x":0,"y":30,"width":960,"height":1050,"type":"window","focus_index":1,"children":[]},{"floating_placement":{"left":633,"top":27,"right":1287,"bottom":1084,"x":633,"y":27,"width":654,"height":1057},"border_delta":{"left":7,"top":0,"right":7,"bottom":7},"handle":657402,"size_percentage":0.5,"id":"74cb2609-42b8-43a9-9e61-8a888d78888c","x":960,"y":30,"width":960,"height":1050,"type":"window","focus_index":0,"children":[]}]},{"tiling_direction":"horizontal","size_percentage":0,"name":"3","id":"1f53d673-c73f-4a7e-8b27-0fb43c953a62","x":0,"y":30,"width":1920,"height":1050,"type":"workspace","focus_index":1,"children":[{"floating_placement":{"left":0,"top":30,"right":1920,"bottom":1080,"x":0,"y":30,"width":1920,"height":1050},"border_delta":{"left":0,"top":0,"right":0,"bottom":0},"handle":197712,"size_percentage":0.5,"id":"0b60555a-1689-42ff-be5a-c9ff3bef030c","x":0,"y":30,"width":960,"height":1050,"type":"window","focus_index":0,"children":[]},{"floating_placement":{"left":633,"top":27,"right":1287,"bottom":1084,"x":633,"y":27,"width":654,"height":1057},"border_delta":{"left":7,"top":0,"right":7,"bottom":7},"handle":1836994,"size_percentage":0.5,"id":"df909a00-6913-4268-897f-9af4757c6210","x":960,"y":30,"width":960,"height":1050,"type":"window","focus_index":1,"children":[]}]},{"tiling_direction":"horizontal","size_percentage":0,"name":"2","id":"91b41538-3a64-495f-b8b1-a7391dbeb3ed","x":0,"y":30,"width":1920,"height":1050,"type":"workspace","focus_index":3,"children":[{"floating_placement":{"left":0,"top":30,"right":1920,"bottom":1080,"x":0,"y":30,"width":1920,"height":1050},"border_delta":{"left":0,"top":0,"right":0,"bottom":0},"handle":525556,"size_percentage":1,"id":"d5fa956a-6014-40ef-ab86-9cde52a17aba","x":0,"y":30,"width":1920,"height":1050,"type":"window","focus_index":0,"children":[]}]},{"tiling_direction":"horizontal","size_percentage":0,"name":"4","id":"9854043f-7b44-42c8-b776-0b52ffd86039","x":0,"y":30,"width":1920,"height":1050,"type":"workspace","focus_index":0,"children":[{"floating_placement":{"left":633,"top":27,"right":1287,"bottom":1084,"x":633,"y":27,"width":654,"height":1057},"border_delta":{"left":7,"top":0,"right":7,"bottom":7},"handle":463624,"size_percentage":1,"id":"cc78dc51-403e-465b-b855-a4b1f6188581","x":0,"y":30,"width":1920,"height":1050,"type":"window","focus_index":0,"children":[]}]}]}]}

